<?xml version="1.0" encoding="UTF-8"?>
<!-- Generated by org.testng.reporters.JUnitXMLReporter -->
<testsuite ignored="0" hostname="LAPTOP-UN0G5FL5" failures="2" tests="3" name="Test" time="51.446" errors="0" timestamp="2023-12-01T22:24:47 IST">
  <testcase classname="tests.LoginTest" name="test_Login_Page" time="14.113">
    <failure type="java.lang.AssertionError" message="fail">
      <![CDATA[java.lang.AssertionError: fail
at tests.LoginTest.test_Login_Page(LoginTest.java:45)
at java.base/java.util.ArrayList.forEach(ArrayList.java:1511)
... Removed 28 stack frames]]>
    </failure>
  </testcase> <!-- test_Login_Page -->
  <testcase classname="tests.LoginTest" name="test_Login_Page" time="16.669"/>
  <testcase classname="tests.LoginTest" name="test_Login_Page" time="13.707">
    <failure type="java.lang.AssertionError" message="fail">
      <![CDATA[java.lang.AssertionError: fail
at tests.LoginTest.test_Login_Page(LoginTest.java:45)
at java.base/java.util.ArrayList.forEach(ArrayList.java:1511)
... Removed 28 stack frames]]>
    </failure>
  </testcase> <!-- test_Login_Page -->
</testsuite> <!-- Test -->
